c:\users\krame\desktop\all\_homemadeai\conv_nn\convolutionalneuralnetwork\x64\debug\vc143.pdb
c:\users\krame\desktop\all\_homemadeai\conv_nn\convolutionalneuralnetwork\x64\debug\vc143.idb
c:\users\krame\desktop\all\_homemadeai\conv_nn\convolutionalneuralnetwork\x64\debug\main.obj
c:\users\krame\desktop\all\_homemadeai\conv_nn\convolutionalneuralnetwork\x64\debug\vector3.obj
c:\users\krame\desktop\all\_homemadeai\conv_nn\convolutionalneuralnetwork\x64\debug\util.obj
c:\users\krame\desktop\all\_homemadeai\conv_nn\convolutionalneuralnetwork\x64\debug\test_result.obj
c:\users\krame\desktop\all\_homemadeai\conv_nn\convolutionalneuralnetwork\x64\debug\pooling_layer.obj
c:\users\krame\desktop\all\_homemadeai\conv_nn\convolutionalneuralnetwork\x64\debug\neural_network.obj
c:\users\krame\desktop\all\_homemadeai\conv_nn\convolutionalneuralnetwork\x64\debug\matrix.obj
c:\users\krame\desktop\all\_homemadeai\conv_nn\convolutionalneuralnetwork\x64\debug\math_functions.obj
c:\users\krame\desktop\all\_homemadeai\conv_nn\convolutionalneuralnetwork\x64\debug\layer.obj
c:\users\krame\desktop\all\_homemadeai\conv_nn\convolutionalneuralnetwork\x64\debug\fully_connected_layer.obj
c:\users\krame\desktop\all\_homemadeai\conv_nn\convolutionalneuralnetwork\x64\debug\data_space.obj
c:\users\krame\desktop\all\_homemadeai\conv_nn\convolutionalneuralnetwork\x64\debug\convolutional_layer.obj
c:\users\krame\desktop\all\_homemadeai\conv_nn\convolutionalneuralnetwork\x64\debug\mnist_digit_overlord.obj
c:\users\krame\desktop\all\_homemadeai\conv_nn\convolutionalneuralnetwork\x64\debug\gpu_math.cu.obj
c:\users\krame\desktop\_homemadeai\conv_nn\x64\debug\convolutionalneuralnetwork.lib
c:\users\krame\desktop\_homemadeai\conv_nn\x64\debug\convolutionalneuralnetwork.exp
c:\users\krame\desktop\all\_homemadeai\conv_nn\x64\debug\convolutionalneuralnetwork.lib
c:\users\krame\desktop\all\_homemadeai\conv_nn\x64\debug\convolutionalneuralnetwork.exp
c:\users\krame\desktop\all\_homemadeai\conv_nn\x64\debug\convolutionalneuralnetwork.exe
c:\users\krame\desktop\all\_homemadeai\conv_nn\convolutionalneuralnetwork\x64\debug\convolutionalneuralnetwork.ilk
c:\users\krame\desktop\all\_homemadeai\conv_nn\x64\debug\convolutionalneuralnetwork.pdb
c:\users\krame\desktop\all\_homemadeai\conv_nn\convolutionalneuralnetwork\x64\debug\gpu_math.cu.cache
c:\users\krame\desktop\all\_homemadeai\conv_nn\convolutionalneuralnetwork\x64\debug\gpu_matrix.cu.cache
c:\users\krame\desktop\all\_homemadeai\conv_nn\convolutionalneuralnetwork\x64\debug\gpu_nn_data_block.cu.cache
c:\users\krame\desktop\all\_homemadeai\conv_nn\convolutionalneuralnetwork\x64\debug\batch_handler.obj
c:\users\krame\desktop\all\_homemadeai\conv_nn\convolutionalneuralnetwork\x64\debug\conv_kernel.obj
c:\users\krame\desktop\all\_homemadeai\conv_nn\convolutionalneuralnetwork\x64\debug\digit_data.obj
c:\users\krame\desktop\all\_homemadeai\conv_nn\convolutionalneuralnetwork\x64\debug\digit_interpreter.obj
c:\users\krame\desktop\all\_homemadeai\conv_nn\convolutionalneuralnetwork\x64\debug\digit_training_data.obj
c:\users\krame\desktop\all\_homemadeai\conv_nn\convolutionalneuralnetwork\x64\debug\gpu_matrix.cu.obj
c:\users\krame\desktop\all\_homemadeai\conv_nn\convolutionalneuralnetwork\x64\debug\gpu_matrix.obj
c:\users\krame\desktop\all\_homemadeai\conv_nn\convolutionalneuralnetwork\x64\debug\gpu_nn_data_block.cu.obj
c:\users\krame\desktop\all\_homemadeai\conv_nn\convolutionalneuralnetwork\x64\debug\interpreter.obj
c:\users\krame\desktop\all\_homemadeai\conv_nn\convolutionalneuralnetwork\x64\debug\nn_data.obj
c:\users\krame\desktop\all\_homemadeai\conv_nn\convolutionalneuralnetwork\x64\debug\convolutional_layer.obj.enc
c:\users\krame\desktop\all\_homemadeai\conv_nn\convolutionalneuralnetwork\x64\debug\fully_connected_layer.obj.enc
c:\users\krame\desktop\all\_homemadeai\conv_nn\convolutionalneuralnetwork\x64\debug\main.obj.enc
c:\users\krame\desktop\all\_homemadeai\conv_nn\x64\debug\convolutionalneuralnetwork.ilk
c:\users\krame\desktop\all\_homemadeai\conv_nn\convolutionalneuralnetwork\x64\debug\convolut.d8c885f6.tlog\cl.command.1.tlog
c:\users\krame\desktop\all\_homemadeai\conv_nn\convolutionalneuralnetwork\x64\debug\convolut.d8c885f6.tlog\cl.read.1.tlog
c:\users\krame\desktop\all\_homemadeai\conv_nn\convolutionalneuralnetwork\x64\debug\convolut.d8c885f6.tlog\cl.write.1.tlog
c:\users\krame\desktop\all\_homemadeai\conv_nn\convolutionalneuralnetwork\x64\debug\convolut.d8c885f6.tlog\cudacompile.read.1u.tlog
c:\users\krame\desktop\all\_homemadeai\conv_nn\convolutionalneuralnetwork\x64\debug\convolut.d8c885f6.tlog\cudacompile.write.1u.tlog
c:\users\krame\desktop\all\_homemadeai\conv_nn\convolutionalneuralnetwork\x64\debug\convolut.d8c885f6.tlog\link.command.1.tlog
c:\users\krame\desktop\all\_homemadeai\conv_nn\convolutionalneuralnetwork\x64\debug\convolut.d8c885f6.tlog\link.read.1.tlog
c:\users\krame\desktop\all\_homemadeai\conv_nn\convolutionalneuralnetwork\x64\debug\convolut.d8c885f6.tlog\link.write.1.tlog
c:\users\krame\desktop\all\_homemadeai\conv_nn\convolutionalneuralnetwork\x64\debug\convolut.d8c885f6.tlog\link.write.2u.tlog
