c:\users\krame\desktop\_homemadeai\conv_nn\convolutionalneuralnetwork\x64\release\vc143.pdb
c:\users\krame\desktop\_homemadeai\conv_nn\convolutionalneuralnetwork\x64\release\vector3.obj
c:\users\krame\desktop\_homemadeai\conv_nn\convolutionalneuralnetwork\x64\release\util.obj
c:\users\krame\desktop\_homemadeai\conv_nn\convolutionalneuralnetwork\x64\release\test_result.obj
c:\users\krame\desktop\_homemadeai\conv_nn\convolutionalneuralnetwork\x64\release\pooling_layer.obj
c:\users\krame\desktop\_homemadeai\conv_nn\convolutionalneuralnetwork\x64\release\mnist_digit_overlord.obj
c:\users\krame\desktop\_homemadeai\conv_nn\convolutionalneuralnetwork\x64\release\neural_network.obj
c:\users\krame\desktop\_homemadeai\conv_nn\convolutionalneuralnetwork\x64\release\matrix.obj
c:\users\krame\desktop\_homemadeai\conv_nn\convolutionalneuralnetwork\x64\release\math_functions.obj
c:\users\krame\desktop\_homemadeai\conv_nn\convolutionalneuralnetwork\x64\release\main.obj
c:\users\krame\desktop\_homemadeai\conv_nn\convolutionalneuralnetwork\x64\release\layer.obj
c:\users\krame\desktop\_homemadeai\conv_nn\convolutionalneuralnetwork\x64\release\fully_connected_layer.obj
c:\users\krame\desktop\_homemadeai\conv_nn\convolutionalneuralnetwork\x64\release\data_space.obj
c:\users\krame\desktop\_homemadeai\conv_nn\convolutionalneuralnetwork\x64\release\convolutional_layer.obj
c:\users\krame\desktop\_homemadeai\conv_nn\convolutionalneuralnetwork\x64\release\gpu_math.cu.obj
c:\users\krame\desktop\_homemadeai\conv_nn\convolutionalneuralnetwork\x64\release\gpu_matrix.cu.obj
c:\users\krame\desktop\_homemadeai\conv_nn\x64\release\convolutionalneuralnetwork.lib
c:\users\krame\desktop\_homemadeai\conv_nn\x64\release\convolutionalneuralnetwork.exp
c:\users\krame\desktop\_homemadeai\conv_nn\x64\release\convolutionalneuralnetwork.exe
c:\users\krame\desktop\_homemadeai\conv_nn\convolutionalneuralnetwork\x64\release\convolutionalneuralnetwork.ipdb
c:\users\krame\desktop\_homemadeai\conv_nn\x64\release\convolutionalneuralnetwork.pdb
c:\users\krame\desktop\_homemadeai\conv_nn\convolutionalneuralnetwork\x64\release\convolutionalneuralnetwork.iobj
c:\users\krame\desktop\_homemadeai\conv_nn\convolutionalneuralnetwork\x64\release\gpu_math.cu.cache
c:\users\krame\desktop\_homemadeai\conv_nn\convolutionalneuralnetwork\x64\release\gpu_matrix.cu.cache
c:\users\krame\desktop\_homemadeai\conv_nn\convolutionalneuralnetwork\x64\release\convolut.d8c885f6.tlog\cl.command.1.tlog
c:\users\krame\desktop\_homemadeai\conv_nn\convolutionalneuralnetwork\x64\release\convolut.d8c885f6.tlog\cl.read.1.tlog
c:\users\krame\desktop\_homemadeai\conv_nn\convolutionalneuralnetwork\x64\release\convolut.d8c885f6.tlog\cl.write.1.tlog
c:\users\krame\desktop\_homemadeai\conv_nn\convolutionalneuralnetwork\x64\release\convolut.d8c885f6.tlog\cudacompile.read.1u.tlog
c:\users\krame\desktop\_homemadeai\conv_nn\convolutionalneuralnetwork\x64\release\convolut.d8c885f6.tlog\cudacompile.write.1u.tlog
c:\users\krame\desktop\_homemadeai\conv_nn\convolutionalneuralnetwork\x64\release\convolut.d8c885f6.tlog\link.command.1.tlog
c:\users\krame\desktop\_homemadeai\conv_nn\convolutionalneuralnetwork\x64\release\convolut.d8c885f6.tlog\link.read.1.tlog
c:\users\krame\desktop\_homemadeai\conv_nn\convolutionalneuralnetwork\x64\release\convolut.d8c885f6.tlog\link.write.1.tlog
c:\users\krame\desktop\_homemadeai\conv_nn\convolutionalneuralnetwork\x64\release\convolut.d8c885f6.tlog\link.write.2u.tlog
